# Patch based alignment
# Number of patches: 25
# Shifts are listed per patch.

#Patch 001 raw and fit shifts
   1  1155.20   821.20    -5.58    -3.55
   2  1155.20   821.20    -4.48    -3.88
   3  1155.20   821.20    -4.58    -2.60
   4  1155.20   821.20    -2.62    -0.91
   5  1155.20   821.20    -3.87    -2.31
   6  1155.20   821.20    -1.42    -1.67
   7  1155.20   821.20    -0.95    -0.51
   8  1155.20   821.20    -2.20    -1.05
   9  1155.20   821.20    -0.05    -0.02
  10  1155.20   821.20    -1.63    -0.28
  11  1155.20   821.20     0.41    -1.75
  12  1155.20   821.20    -1.33    -0.35
  13  1155.20   821.20     0.00     0.00
  14  1155.20   821.20    -0.51     0.43
  15  1155.20   821.20     0.26     0.01
  16  1155.20   821.20     0.72     0.61
  17  1155.20   821.20     0.22    -0.68
  18  1155.20   821.20     1.56    -0.34
  19  1155.20   821.20     1.61     2.69
  20  1155.20   821.20     1.83     1.75
  21  1155.20   821.20     1.78     1.45
  22  1155.20   821.20     1.62     1.59
  23  1155.20   821.20     2.23     2.90
  24  1155.20   821.20     3.24     1.38
  25  1155.20   821.20     2.68     1.77
  26  1155.20   821.20     2.22     2.74
  27  1155.20   821.20     2.93     1.73
  28  1155.20   821.20     4.03     2.37
  29  1155.20   821.20     3.59     2.86
  30  1155.20   821.20     4.60     2.30
  31  1155.20   821.20     3.09     2.81
  32  1155.20   821.20     3.79     2.48
  33  1155.20   821.20     4.36     2.36
  34  1155.20   821.20     4.67     1.99
  35  1155.20   821.20     5.56     2.39
  36  1155.20   821.20     3.99     4.49
  37  1155.20   821.20     4.54     2.59
  38  1155.20   821.20     4.75     2.75
  39  1155.20   821.20     6.19     1.42
  40  1155.20   821.20     6.52     2.80

#Patch 002 raw and fit shifts
   1  3457.60   821.20    -3.01     0.11
   2  3457.60   821.20    -3.46    -1.13
   3  3457.60   821.20    -2.80    -0.12
   4  3457.60   821.20    -2.60    -0.81
   5  3457.60   821.20    -1.78    -0.74
   6  3457.60   821.20    -1.95     0.83
   7  3457.60   821.20    -1.44    -0.76
   8  3457.60   821.20    -0.44    -0.10
   9  3457.60   821.20    -0.49     0.06
  10  3457.60   821.20    -0.61    -0.13
  11  3457.60   821.20    -0.78     0.01
  12  3457.60   821.20    -0.06     0.07
  13  3457.60   821.20     0.00     0.00
  14  3457.60   821.20    -1.03    -0.16
  15  3457.60   821.20    -0.66     0.39
  16  3457.60   821.20    -0.59    -1.15
  17  3457.60   821.20    -0.55    -0.38
  18  3457.60   821.20     0.73     1.33
  19  3457.60   821.20     0.94     0.89
  20  3457.60   821.20    -0.46     1.02
  21  3457.60   821.20     1.43    -0.24
  22  3457.60   821.20     1.77     0.53
  23  3457.60   821.20     0.81     0.97
  24  3457.60   821.20     0.35     1.54
  25  3457.60   821.20     0.62     0.98
  26  3457.60   821.20     0.29    -0.59
  27  3457.60   821.20     0.52     2.01
  28  3457.60   821.20     1.43     1.66
  29  3457.60   821.20     0.54     1.61
  30  3457.60   821.20     0.92     1.12
  31  3457.60   821.20     2.31     1.50
  32  3457.60   821.20     2.03     1.52
  33  3457.60   821.20     1.10     2.34
  34  3457.60   821.20     0.83     2.22
  35  3457.60   821.20     1.21     2.15
  36  3457.60   821.20     0.95     1.19
  37  3457.60   821.20     0.87     1.82
  38  3457.60   821.20     1.62     1.45
  39  3457.60   821.20     3.12     1.19
  40  3457.60   821.20     1.53     1.90

#Patch 003 raw and fit shifts
   1  5760.00   821.20     1.84     0.08
   2  5760.00   821.20    -0.72     0.59
   3  5760.00   821.20     0.16     1.09
   4  5760.00   821.20     0.47     0.40
   5  5760.00   821.20     1.30     0.99
   6  5760.00   821.20    -0.27     0.28
   7  5760.00   821.20     0.75     0.74
   8  5760.00   821.20     0.33     0.46
   9  5760.00   821.20     1.02     0.97
  10  5760.00   821.20     0.58     0.48
  11  5760.00   821.20    -0.54     0.25
  12  5760.00   821.20    -1.24     0.62
  13  5760.00   821.20     0.00     0.00
  14  5760.00   821.20    -0.77     1.18
  15  5760.00   821.20     0.37     1.40
  16  5760.00   821.20    -0.58     1.45
  17  5760.00   821.20    -0.48     1.61
  18  5760.00   821.20     0.22     0.69
  19  5760.00   821.20    -0.46     0.41
  20  5760.00   821.20     0.58     1.35
  21  5760.00   821.20    -1.82     1.48
  22  5760.00   821.20    -0.90     1.48
  23  5760.00   821.20    -0.46    -0.15
  24  5760.00   821.20    -0.45     0.34
  25  5760.00   821.20    -1.00     0.81
  26  5760.00   821.20     0.56     1.20
  27  5760.00   821.20    -0.70     1.15
  28  5760.00   821.20    -0.64     0.94
  29  5760.00   821.20     0.51     1.10
  30  5760.00   821.20     0.53     1.80
  31  5760.00   821.20    -0.13     0.77
  32  5760.00   821.20     0.44     0.19
  33  5760.00   821.20     1.78     1.28
  34  5760.00   821.20     0.66     1.68
  35  5760.00   821.20     0.08     0.80
  36  5760.00   821.20     0.35    -0.38
  37  5760.00   821.20     0.70     1.00
  38  5760.00   821.20     0.89    -1.15
  39  5760.00   821.20     0.86    -1.26
  40  5760.00   821.20     2.28     0.57

#Patch 004 raw and fit shifts
   1  8062.40   821.20     0.17     2.10
   2  8062.40   821.20     1.42    -1.34
   3  8062.40   821.20     0.81     0.56
   4  8062.40   821.20     0.32     0.92
   5  8062.40   821.20     1.60     0.56
   6  8062.40   821.20    -0.05     1.13
   7  8062.40   821.20     1.07     0.88
   8  8062.40   821.20    -0.09     0.21
   9  8062.40   821.20    -0.70     0.09
  10  8062.40   821.20    -0.84     1.99
  11  8062.40   821.20    -0.01     1.12
  12  8062.40   821.20     0.01     0.32
  13  8062.40   821.20     0.00     0.00
  14  8062.40   821.20    -0.94    -0.54
  15  8062.40   821.20    -1.97    -0.57
  16  8062.40   821.20    -0.88     0.75
  17  8062.40   821.20    -0.91    -0.73
  18  8062.40   821.20    -1.01     0.42
  19  8062.40   821.20    -0.32     0.23
  20  8062.40   821.20    -1.98     0.02
  21  8062.40   821.20    -1.03     0.48
  22  8062.40   821.20    -1.81     0.27
  23  8062.40   821.20    -2.18    -0.53
  24  8062.40   821.20    -0.75     0.56
  25  8062.40   821.20    -0.84    -0.03
  26  8062.40   821.20    -1.19    -0.04
  27  8062.40   821.20    -1.38     0.78
  28  8062.40   821.20    -1.83     1.20
  29  8062.40   821.20    -1.61     0.41
  30  8062.40   821.20    -1.76    -0.56
  31  8062.40   821.20    -0.31    -0.09
  32  8062.40   821.20    -0.25     0.64
  33  8062.40   821.20    -1.40    -0.08
  34  8062.40   821.20     1.46     0.38
  35  8062.40   821.20    -1.64     1.21
  36  8062.40   821.20    -1.58     0.53
  37  8062.40   821.20    -0.81     0.32
  38  8062.40   821.20     0.66     1.60
  39  8062.40   821.20     1.38     0.51
  40  8062.40   821.20    -1.08     0.36

#Patch 005 raw and fit shifts
   1 10364.80   821.20     2.46     0.21
   2 10364.80   821.20     4.72     0.34
   3 10364.80   821.20     4.24    -0.39
   4 10364.80   821.20     1.91     0.97
   5 10364.80   821.20     2.25     1.37
   6 10364.80   821.20     2.54     1.19
   7 10364.80   821.20     2.20     0.04
   8 10364.80   821.20     1.26     0.03
   9 10364.80   821.20     0.65     0.53
  10 10364.80   821.20     0.46     1.68
  11 10364.80   821.20     1.39    -0.69
  12 10364.80   821.20    -0.39     0.92
  13 10364.80   821.20     0.00     0.00
  14 10364.80   821.20     1.71    -0.02
  15 10364.80   821.20     1.12    -0.02
  16 10364.80   821.20     0.20     0.64
  17 10364.80   821.20     0.09    -0.39
  18 10364.80   821.20    -0.41    -0.12
  19 10364.80   821.20    -0.58     0.78
  20 10364.80   821.20    -0.81     0.05
  21 10364.80   821.20     0.51     0.43
  22 10364.80   821.20     0.16     0.15
  23 10364.80   821.20    -1.05     0.02
  24 10364.80   821.20    -0.67    -0.14
  25 10364.80   821.20    -0.67    -0.00
  26 10364.80   821.20     0.64    -0.38
  27 10364.80   821.20    -0.44     0.11
  28 10364.80   821.20    -1.50    -1.42
  29 10364.80   821.20     0.65     1.16
  30 10364.80   821.20     0.42    -0.62
  31 10364.80   821.20     0.50    -0.12
  32 10364.80   821.20    -0.42    -0.06
  33 10364.80   821.20    -1.36    -0.02
  34 10364.80   821.20     0.69     1.31
  35 10364.80   821.20     0.52     1.06
  36 10364.80   821.20    -0.32    -0.06
  37 10364.80   821.20    -0.69     1.95
  38 10364.80   821.20     0.00     0.01
  39 10364.80   821.20    -1.83     0.25
  40 10364.80   821.20    -2.07    -0.42

#Patch 006 raw and fit shifts
   1  1155.20  2455.60    -6.91    -3.10
   2  1155.20  2455.60    -5.66    -3.05
   3  1155.20  2455.60    -3.70    -2.56
   4  1155.20  2455.60    -3.60    -2.07
   5  1155.20  2455.60    -3.05    -1.14
   6  1155.20  2455.60    -1.11    -0.68
   7  1155.20  2455.60    -1.53    -1.96
   8  1155.20  2455.60    -0.73    -1.04
   9  1155.20  2455.60    -1.30    -0.63
  10  1155.20  2455.60    -0.44    -0.52
  11  1155.20  2455.60    -2.14    -0.03
  12  1155.20  2455.60     0.04     0.37
  13  1155.20  2455.60     0.00     0.00
  14  1155.20  2455.60    -0.07    -0.49
  15  1155.20  2455.60     0.50     1.03
  16  1155.20  2455.60     0.65     0.99
  17  1155.20  2455.60    -0.26     1.35
  18  1155.20  2455.60     1.62    -0.19
  19  1155.20  2455.60     1.15     1.15
  20  1155.20  2455.60     0.56     1.21
  21  1155.20  2455.60     1.34     1.18
  22  1155.20  2455.60     3.30     1.93
  23  1155.20  2455.60     1.01     0.23
  24  1155.20  2455.60     2.43     1.34
  25  1155.20  2455.60     2.49     2.94
  26  1155.20  2455.60     2.77     1.25
  27  1155.20  2455.60     3.10     1.49
  28  1155.20  2455.60     3.91     2.35
  29  1155.20  2455.60     4.20     1.81
  30  1155.20  2455.60     3.22     2.58
  31  1155.20  2455.60     3.49     1.69
  32  1155.20  2455.60     4.17     1.05
  33  1155.20  2455.60     1.54     0.98
  34  1155.20  2455.60     1.54     1.96
  35  1155.20  2455.60     1.78     1.65
  36  1155.20  2455.60     5.41     1.82
  37  1155.20  2455.60     2.75     3.37
  38  1155.20  2455.60     5.05     2.44
  39  1155.20  2455.60     2.82     1.29
  40  1155.20  2455.60     4.15     2.12

#Patch 007 raw and fit shifts
   1  3457.60  2455.60    -1.54    -0.17
   2  3457.60  2455.60    -3.33    -0.58
   3  3457.60  2455.60    -1.31    -0.73
   4  3457.60  2455.60    -0.67    -0.67
   5  3457.60  2455.60    -2.64     0.56
   6  3457.60  2455.60    -0.86    -0.82
   7  3457.60  2455.60    -1.38    -0.04
   8  3457.60  2455.60    -1.29    -0.71
   9  3457.60  2455.60     0.68    -0.48
  10  3457.60  2455.60    -0.64    -0.83
  11  3457.60  2455.60    -1.31    -1.24
  12  3457.60  2455.60    -0.93    -0.37
  13  3457.60  2455.60     0.00     0.00
  14  3457.60  2455.60    -0.06     0.41
  15  3457.60  2455.60    -0.45    -0.23
  16  3457.60  2455.60     0.36     0.05
  17  3457.60  2455.60    -0.34    -0.45
  18  3457.60  2455.60    -1.65     0.94
  19  3457.60  2455.60    -1.26    -0.06
  20  3457.60  2455.60    -0.68     0.29
  21  3457.60  2455.60     0.29     0.77
  22  3457.60  2455.60    -0.48    -0.46
  23  3457.60  2455.60    -0.42     0.42
  24  3457.60  2455.60    -0.38    -0.62
  25  3457.60  2455.60     0.42    -0.72
  26  3457.60  2455.60     0.75     0.85
  27  3457.60  2455.60    -1.03     0.35
  28  3457.60  2455.60    -0.56    -0.80
  29  3457.60  2455.60    -0.55    -0.12
  30  3457.60  2455.60     0.36    -0.02
  31  3457.60  2455.60    -0.58     0.11
  32  3457.60  2455.60    -0.89     0.24
  33  3457.60  2455.60     0.94    -0.10
  34  3457.60  2455.60     1.48    -0.27
  35  3457.60  2455.60    -0.55    -2.00
  36  3457.60  2455.60     1.05     1.08
  37  3457.60  2455.60    -0.35     0.21
  38  3457.60  2455.60     0.69    -1.45
  39  3457.60  2455.60    -0.78    -0.63
  40  3457.60  2455.60     0.94     0.27

#Patch 008 raw and fit shifts
   1  5760.00  2455.60    -0.30    -0.69
   2  5760.00  2455.60    -0.41    -0.35
   3  5760.00  2455.60    -0.91    -0.64
   4  5760.00  2455.60     0.28    -0.68
   5  5760.00  2455.60    -0.23    -1.37
   6  5760.00  2455.60    -0.53    -0.84
   7  5760.00  2455.60    -0.27    -0.73
   8  5760.00  2455.60     0.12    -0.69
   9  5760.00  2455.60    -0.41    -0.62
  10  5760.00  2455.60     0.04    -0.32
  11  5760.00  2455.60    -2.02    -1.33
  12  5760.00  2455.60    -0.21    -0.33
  13  5760.00  2455.60     0.00     0.00
  14  5760.00  2455.60    -0.93    -1.31
  15  5760.00  2455.60    -0.63    -1.68
  16  5760.00  2455.60    -0.94    -0.89
  17  5760.00  2455.60    -0.04    -1.68
  18  5760.00  2455.60    -0.77    -0.68
  19  5760.00  2455.60    -1.39    -0.07
  20  5760.00  2455.60    -1.74    -2.07
  21  5760.00  2455.60     0.08    -1.24
  22  5760.00  2455.60    -1.64    -0.66
  23  5760.00  2455.60    -2.26    -1.35
  24  5760.00  2455.60    -0.91    -1.75
  25  5760.00  2455.60    -2.49    -1.05
  26  5760.00  2455.60    -1.60    -0.99
  27  5760.00  2455.60    -2.74    -1.70
  28  5760.00  2455.60    -1.63    -2.06
  29  5760.00  2455.60    -2.64    -1.48
  30  5760.00  2455.60    -1.39    -2.82
  31  5760.00  2455.60    -1.54    -1.58
  32  5760.00  2455.60    -0.48    -1.77
  33  5760.00  2455.60    -2.38    -1.27
  34  5760.00  2455.60    -2.04    -1.52
  35  5760.00  2455.60    -1.14    -0.89
  36  5760.00  2455.60    -0.45    -2.70
  37  5760.00  2455.60    -1.74    -2.31
  38  5760.00  2455.60    -2.41    -1.17
  39  5760.00  2455.60     0.06    -2.64
  40  5760.00  2455.60    -1.81    -0.87

#Patch 009 raw and fit shifts
   1  8062.40  2455.60     2.99     0.87
   2  8062.40  2455.60     2.84     1.13
   3  8062.40  2455.60     2.90     1.07
   4  8062.40  2455.60     2.13     0.58
   5  8062.40  2455.60     2.21     0.01
   6  8062.40  2455.60     2.94     0.41
   7  8062.40  2455.60     2.52    -0.11
   8  8062.40  2455.60     0.52     0.72
   9  8062.40  2455.60     0.95     0.01
  10  8062.40  2455.60     2.02     0.19
  11  8062.40  2455.60     1.71    -0.59
  12  8062.40  2455.60     0.01     0.11
  13  8062.40  2455.60     0.00     0.00
  14  8062.40  2455.60     1.11    -0.34
  15  8062.40  2455.60     0.70    -0.79
  16  8062.40  2455.60    -0.14    -0.09
  17  8062.40  2455.60    -0.13    -0.69
  18  8062.40  2455.60     0.54    -0.86
  19  8062.40  2455.60    -0.92    -0.15
  20  8062.40  2455.60    -0.00    -1.62
  21  8062.40  2455.60     0.63     0.31
  22  8062.40  2455.60    -0.88    -1.22
  23  8062.40  2455.60    -1.71    -1.23
  24  8062.40  2455.60    -0.34    -1.26
  25  8062.40  2455.60    -0.51    -0.91
  26  8062.40  2455.60     0.70    -1.95
  27  8062.40  2455.60    -0.21    -1.18
  28  8062.40  2455.60    -0.26    -0.66
  29  8062.40  2455.60     1.13    -1.46
  30  8062.40  2455.60    -0.23    -1.22
  31  8062.40  2455.60    -0.66    -1.80
  32  8062.40  2455.60     0.89    -0.79
  33  8062.40  2455.60    -0.73    -1.54
  34  8062.40  2455.60     2.11     0.26
  35  8062.40  2455.60     0.13    -0.09
  36  8062.40  2455.60    -1.31    -1.05
  37  8062.40  2455.60    -0.54    -2.97
  38  8062.40  2455.60     0.62    -3.10
  39  8062.40  2455.60     1.95    -3.28
  40  8062.40  2455.60    -0.53    -1.45

#Patch 010 raw and fit shifts
   1 10364.80  2455.60     4.02     1.63
   2 10364.80  2455.60     4.89     1.66
   3 10364.80  2455.60     2.78     0.47
   4 10364.80  2455.60     3.10     1.44
   5 10364.80  2455.60     2.76     0.23
   6 10364.80  2455.60     2.02     0.22
   7 10364.80  2455.60     1.43     0.10
   8 10364.80  2455.60     1.02     0.89
   9 10364.80  2455.60     0.90     0.74
  10 10364.80  2455.60    -0.66     0.32
  11 10364.80  2455.60     0.34     0.43
  12 10364.80  2455.60    -0.15     0.41
  13 10364.80  2455.60     0.00     0.00
  14 10364.80  2455.60    -0.02    -0.06
  15 10364.80  2455.60     0.61    -0.76
  16 10364.80  2455.60    -0.85     0.06
  17 10364.80  2455.60     0.72    -0.53
  18 10364.80  2455.60    -1.00    -0.84
  19 10364.80  2455.60    -0.63     0.07
  20 10364.80  2455.60    -1.03    -0.89
  21 10364.80  2455.60    -1.38    -1.15
  22 10364.80  2455.60    -1.19    -0.98
  23 10364.80  2455.60    -0.91     0.32
  24 10364.80  2455.60    -0.11    -0.45
  25 10364.80  2455.60    -1.79    -0.78
  26 10364.80  2455.60    -0.18    -1.11
  27 10364.80  2455.60    -2.01    -0.38
  28 10364.80  2455.60    -0.70    -1.45
  29 10364.80  2455.60     0.04    -1.40
  30 10364.80  2455.60    -1.05    -1.05
  31 10364.80  2455.60     0.35    -0.54
  32 10364.80  2455.60    -1.26    -0.44
  33 10364.80  2455.60    -0.27    -1.14
  34 10364.80  2455.60    -0.10    -0.75
  35 10364.80  2455.60    -0.71    -0.73
  36 10364.80  2455.60    -0.62    -0.12
  37 10364.80  2455.60     0.04     0.70
  38 10364.80  2455.60    -2.98     0.38
  39 10364.80  2455.60    -1.19    -0.51
  40 10364.80  2455.60    -1.57     1.26

#Patch 011 raw and fit shifts
   1  1155.20  4090.00    -5.72    -1.47
   2  1155.20  4090.00    -6.17    -3.45
   3  1155.20  4090.00    -7.05    -2.91
   4  1155.20  4090.00    -4.84    -1.36
   5  1155.20  4090.00    -3.29    -1.62
   6  1155.20  4090.00    -3.54    -1.71
   7  1155.20  4090.00    -1.32    -0.30
   8  1155.20  4090.00    -2.53    -1.21
   9  1155.20  4090.00    -1.24    -1.68
  10  1155.20  4090.00    -0.99    -1.01
  11  1155.20  4090.00    -0.47    -0.90
  12  1155.20  4090.00    -0.53    -1.25
  13  1155.20  4090.00     0.00     0.00
  14  1155.20  4090.00    -1.21    -1.11
  15  1155.20  4090.00     0.05    -0.90
  16  1155.20  4090.00     0.01    -0.79
  17  1155.20  4090.00     0.70    -1.30
  18  1155.20  4090.00    -0.20    -0.54
  19  1155.20  4090.00    -0.85    -0.86
  20  1155.20  4090.00     0.80     0.13
  21  1155.20  4090.00     0.54    -0.54
  22  1155.20  4090.00     2.04     0.57
  23  1155.20  4090.00     0.78     0.55
  24  1155.20  4090.00     0.51    -0.33
  25  1155.20  4090.00     0.07    -0.56
  26  1155.20  4090.00     2.13     1.19
  27  1155.20  4090.00     2.12     0.55
  28  1155.20  4090.00     2.68     0.16
  29  1155.20  4090.00     0.27    -0.81
  30  1155.20  4090.00     2.00     0.30
  31  1155.20  4090.00     1.87     0.82
  32  1155.20  4090.00     0.80     1.06
  33  1155.20  4090.00     2.24    -0.42
  34  1155.20  4090.00     1.61     0.20
  35  1155.20  4090.00     1.29    -0.38
  36  1155.20  4090.00     0.80     1.24
  37  1155.20  4090.00     1.44     0.38
  38  1155.20  4090.00     2.90    -0.55
  39  1155.20  4090.00     2.96     0.55
  40  1155.20  4090.00     1.59     1.21

#Patch 012 raw and fit shifts
   1  3457.60  4090.00    -1.00     0.12
   2  3457.60  4090.00    -2.92    -0.84
   3  3457.60  4090.00    -1.80    -1.11
   4  3457.60  4090.00    -0.78    -0.39
   5  3457.60  4090.00    -2.20     0.08
   6  3457.60  4090.00    -0.42    -0.11
   7  3457.60  4090.00    -1.35    -0.46
   8  3457.60  4090.00    -1.14    -1.08
   9  3457.60  4090.00    -0.69    -1.24
  10  3457.60  4090.00    -0.76     0.97
  11  3457.60  4090.00    -1.15    -0.50
  12  3457.60  4090.00    -0.03    -0.95
  13  3457.60  4090.00     0.00     0.00
  14  3457.60  4090.00    -0.77    -0.87
  15  3457.60  4090.00    -0.77    -0.18
  16  3457.60  4090.00     0.25    -0.28
  17  3457.60  4090.00    -0.48     0.02
  18  3457.60  4090.00    -0.45    -1.15
  19  3457.60  4090.00    -0.43    -0.20
  20  3457.60  4090.00     0.97    -0.26
  21  3457.60  4090.00     1.89    -1.11
  22  3457.60  4090.00     1.21    -0.57
  23  3457.60  4090.00     0.80    -1.22
  24  3457.60  4090.00     1.17     1.05
  25  3457.60  4090.00     1.06    -0.82
  26  3457.60  4090.00     1.87    -0.23
  27  3457.60  4090.00     0.31    -1.31
  28  3457.60  4090.00     3.96    -0.68
  29  3457.60  4090.00     1.79    -1.24
  30  3457.60  4090.00     1.88    -0.46
  31  3457.60  4090.00     0.06    -1.63
  32  3457.60  4090.00     1.50    -0.67
  33  3457.60  4090.00     0.88    -2.25
  34  3457.60  4090.00     1.90    -0.63
  35  3457.60  4090.00     1.42    -1.45
  36  3457.60  4090.00     0.62    -1.50
  37  3457.60  4090.00     1.00    -1.50
  38  3457.60  4090.00     2.37    -1.34
  39  3457.60  4090.00     1.73    -1.15
  40  3457.60  4090.00    -0.09    -3.57

#Patch 013 raw and fit shifts
   1  5760.00  4090.00     0.30     0.40
   2  5760.00  4090.00     0.14     0.80
   3  5760.00  4090.00    -0.36     0.89
   4  5760.00  4090.00     0.36     0.92
   5  5760.00  4090.00     0.33     1.06
   6  5760.00  4090.00    -0.11     0.58
   7  5760.00  4090.00    -0.86     0.79
   8  5760.00  4090.00    -0.29     0.89
   9  5760.00  4090.00    -0.40     0.69
  10  5760.00  4090.00    -1.18     0.74
  11  5760.00  4090.00    -0.11     0.12
  12  5760.00  4090.00     0.65     1.69
  13  5760.00  4090.00     0.00     0.00
  14  5760.00  4090.00    -0.49     0.36
  15  5760.00  4090.00     0.69     0.30
  16  5760.00  4090.00    -0.12     0.63
  17  5760.00  4090.00    -0.22     0.23
  18  5760.00  4090.00    -0.27     1.02
  19  5760.00  4090.00    -0.31     0.44
  20  5760.00  4090.00     0.95     0.20
  21  5760.00  4090.00    -0.19    -0.03
  22  5760.00  4090.00    -0.41     1.27
  23  5760.00  4090.00    -0.94     1.43
  24  5760.00  4090.00     0.03     1.02
  25  5760.00  4090.00    -0.90     0.68
  26  5760.00  4090.00    -0.42     0.29
  27  5760.00  4090.00    -0.14    -0.04
  28  5760.00  4090.00    -0.69     1.64
  29  5760.00  4090.00    -0.57     1.78
  30  5760.00  4090.00    -0.50     0.79
  31  5760.00  4090.00    -1.25     0.77
  32  5760.00  4090.00    -0.95     1.37
  33  5760.00  4090.00     0.05     0.86
  34  5760.00  4090.00    -0.76     0.95
  35  5760.00  4090.00    -1.85     0.07
  36  5760.00  4090.00    -0.90    -0.17
  37  5760.00  4090.00    -0.46     0.75
  38  5760.00  4090.00     0.22    -0.44
  39  5760.00  4090.00    -1.21    -0.03
  40  5760.00  4090.00    -1.89    -0.19

#Patch 014 raw and fit shifts
   1  8062.40  4090.00     3.04     0.27
   2  8062.40  4090.00     1.28    -0.63
   3  8062.40  4090.00     1.42     0.28
   4  8062.40  4090.00     2.14     0.28
   5  8062.40  4090.00     1.94    -0.78
   6  8062.40  4090.00     1.31     0.14
   7  8062.40  4090.00     0.74    -0.51
   8  8062.40  4090.00     0.43    -0.50
   9  8062.40  4090.00     0.45    -0.98
  10  8062.40  4090.00     0.57    -0.10
  11  8062.40  4090.00     0.91    -0.59
  12  8062.40  4090.00    -0.49    -0.49
  13  8062.40  4090.00     0.00     0.00
  14  8062.40  4090.00    -0.14    -0.34
  15  8062.40  4090.00    -0.89    -0.84
  16  8062.40  4090.00    -1.31    -0.98
  17  8062.40  4090.00    -0.47    -0.37
  18  8062.40  4090.00    -0.58    -0.18
  19  8062.40  4090.00     0.99    -0.43
  20  8062.40  4090.00     0.29    -0.40
  21  8062.40  4090.00    -0.95    -1.33
  22  8062.40  4090.00    -0.76    -0.63
  23  8062.40  4090.00    -0.57    -0.33
  24  8062.40  4090.00    -0.26     0.49
  25  8062.40  4090.00     0.13    -0.12
  26  8062.40  4090.00    -0.67    -0.36
  27  8062.40  4090.00    -0.94     0.13
  28  8062.40  4090.00    -0.89    -1.38
  29  8062.40  4090.00    -0.81    -0.82
  30  8062.40  4090.00    -0.29     0.37
  31  8062.40  4090.00    -0.87    -0.84
  32  8062.40  4090.00    -2.64    -0.50
  33  8062.40  4090.00    -1.72    -1.63
  34  8062.40  4090.00    -1.23    -1.02
  35  8062.40  4090.00    -1.50     0.59
  36  8062.40  4090.00    -1.26    -2.06
  37  8062.40  4090.00    -1.26    -0.74
  38  8062.40  4090.00     0.40     0.30
  39  8062.40  4090.00    -3.19    -1.47
  40  8062.40  4090.00    -1.66    -0.49

#Patch 015 raw and fit shifts
   1 10364.80  4090.00     3.97     1.10
   2 10364.80  4090.00     3.33     1.30
   3 10364.80  4090.00     3.85     1.56
   4 10364.80  4090.00     3.52     0.74
   5 10364.80  4090.00     2.81     1.75
   6 10364.80  4090.00     1.43     1.42
   7 10364.80  4090.00     1.76    -0.33
   8 10364.80  4090.00     0.93     0.44
   9 10364.80  4090.00     0.37     0.12
  10 10364.80  4090.00     0.45     0.07
  11 10364.80  4090.00     0.75    -0.73
  12 10364.80  4090.00     0.78     0.02
  13 10364.80  4090.00     0.00     0.00
  14 10364.80  4090.00     0.19    -0.57
  15 10364.80  4090.00    -0.42    -0.26
  16 10364.80  4090.00    -0.47    -0.84
  17 10364.80  4090.00    -0.64    -0.45
  18 10364.80  4090.00    -1.13    -0.01
  19 10364.80  4090.00    -0.37    -0.29
  20 10364.80  4090.00    -0.78    -0.60
  21 10364.80  4090.00    -0.15    -0.83
  22 10364.80  4090.00    -2.30    -0.93
  23 10364.80  4090.00    -0.86    -0.18
  24 10364.80  4090.00    -2.25    -1.70
  25 10364.80  4090.00    -0.23    -1.53
  26 10364.80  4090.00    -0.01     0.46
  27 10364.80  4090.00     0.05     0.40
  28 10364.80  4090.00     0.60    -0.51
  29 10364.80  4090.00    -0.01    -1.68
  30 10364.80  4090.00    -0.11     0.11
  31 10364.80  4090.00    -0.69    -1.47
  32 10364.80  4090.00    -1.41    -0.72
  33 10364.80  4090.00    -1.52    -1.00
  34 10364.80  4090.00    -1.17    -1.22
  35 10364.80  4090.00    -0.99    -0.93
  36 10364.80  4090.00     0.30     0.78
  37 10364.80  4090.00    -0.80    -0.37
  38 10364.80  4090.00    -0.52    -0.71
  39 10364.80  4090.00     0.32     0.42
  40 10364.80  4090.00    -0.88    -0.73

#Patch 016 raw and fit shifts
   1  1155.20  5724.40    -4.82    -2.39
   2  1155.20  5724.40    -5.20    -1.21
   3  1155.20  5724.40    -3.68    -1.72
   4  1155.20  5724.40    -4.54    -1.74
   5  1155.20  5724.40    -3.24    -1.90
   6  1155.20  5724.40    -3.23    -1.30
   7  1155.20  5724.40    -1.18    -0.60
   8  1155.20  5724.40    -1.10    -0.11
   9  1155.20  5724.40    -2.52    -0.10
  10  1155.20  5724.40    -2.25     0.40
  11  1155.20  5724.40    -0.45    -0.46
  12  1155.20  5724.40    -1.06    -0.81
  13  1155.20  5724.40     0.00     0.00
  14  1155.20  5724.40    -1.36    -0.21
  15  1155.20  5724.40    -0.95     0.05
  16  1155.20  5724.40    -0.07     1.03
  17  1155.20  5724.40    -0.52    -0.13
  18  1155.20  5724.40     0.42    -0.88
  19  1155.20  5724.40     0.66    -0.45
  20  1155.20  5724.40     0.80    -0.50
  21  1155.20  5724.40    -0.40     0.44
  22  1155.20  5724.40     0.79     0.02
  23  1155.20  5724.40    -0.05     0.51
  24  1155.20  5724.40     1.40     1.05
  25  1155.20  5724.40     1.83     0.64
  26  1155.20  5724.40     1.83     0.81
  27  1155.20  5724.40     2.51    -0.22
  28  1155.20  5724.40     0.35     1.21
  29  1155.20  5724.40     1.80    -0.25
  30  1155.20  5724.40     1.97    -0.34
  31  1155.20  5724.40     2.51     0.65
  32  1155.20  5724.40     1.02    -1.02
  33  1155.20  5724.40     2.51     1.55
  34  1155.20  5724.40     1.83     0.26
  35  1155.20  5724.40     1.63     0.57
  36  1155.20  5724.40     1.63     1.08
  37  1155.20  5724.40     1.38     1.36
  38  1155.20  5724.40     3.14     0.79
  39  1155.20  5724.40     2.95     0.76
  40  1155.20  5724.40     1.46    -0.64

#Patch 017 raw and fit shifts
   1  3457.60  5724.40     1.37     0.08
   2  3457.60  5724.40    -1.60    -1.11
   3  3457.60  5724.40    -0.19    -1.26
   4  3457.60  5724.40     0.17     0.99
   5  3457.60  5724.40     0.82    -0.51
   6  3457.60  5724.40     0.65     0.16
   7  3457.60  5724.40     0.41    -0.02
   8  3457.60  5724.40     0.61     0.07
   9  3457.60  5724.40     0.81     0.22
  10  3457.60  5724.40     0.67    -0.93
  11  3457.60  5724.40     0.48    -0.26
  12  3457.60  5724.40     0.53    -1.03
  13  3457.60  5724.40     0.00     0.00
  14  3457.60  5724.40     1.35     0.56
  15  3457.60  5724.40     0.02    -1.14
  16  3457.60  5724.40     1.04    -0.35
  17  3457.60  5724.40     1.35    -0.09
  18  3457.60  5724.40     0.31    -1.11
  19  3457.60  5724.40     1.76    -0.32
  20  3457.60  5724.40    -0.06     0.17
  21  3457.60  5724.40     0.34    -0.63
  22  3457.60  5724.40    -0.06    -0.19
  23  3457.60  5724.40     1.93    -0.37
  24  3457.60  5724.40     1.36     0.31
  25  3457.60  5724.40     1.23    -0.73
  26  3457.60  5724.40     0.55    -1.84
  27  3457.60  5724.40     1.08    -0.52
  28  3457.60  5724.40     0.81    -1.62
  29  3457.60  5724.40     1.30    -0.04
  30  3457.60  5724.40    -0.37    -1.10
  31  3457.60  5724.40     0.23    -0.78
  32  3457.60  5724.40     0.65     0.94
  33  3457.60  5724.40     1.12    -0.29
  34  3457.60  5724.40     1.04    -0.74
  35  3457.60  5724.40    -0.56     0.05
  36  3457.60  5724.40    -0.03    -0.53
  37  3457.60  5724.40     1.40    -0.40
  38  3457.60  5724.40     2.64    -1.10
  39  3457.60  5724.40     1.77    -1.17
  40  3457.60  5724.40     1.87    -0.21

#Patch 018 raw and fit shifts
   1  5760.00  5724.40     0.56     2.68
   2  5760.00  5724.40     1.09     2.27
   3  5760.00  5724.40     0.43     1.59
   4  5760.00  5724.40     0.84     2.41
   5  5760.00  5724.40     1.53     1.40
   6  5760.00  5724.40     0.87     1.25
   7  5760.00  5724.40     1.23    -0.58
   8  5760.00  5724.40     1.09     1.91
   9  5760.00  5724.40     1.47     0.87
  10  5760.00  5724.40     0.90     1.22
  11  5760.00  5724.40     0.50     1.41
  12  5760.00  5724.40     1.40     0.65
  13  5760.00  5724.40     0.00     0.00
  14  5760.00  5724.40     1.21    -0.79
  15  5760.00  5724.40     0.73     1.56
  16  5760.00  5724.40     0.82     0.86
  17  5760.00  5724.40     0.58     0.72
  18  5760.00  5724.40     0.16     1.69
  19  5760.00  5724.40     0.50     1.02
  20  5760.00  5724.40     1.82     2.24
  21  5760.00  5724.40    -0.02     2.20
  22  5760.00  5724.40    -0.84     0.84
  23  5760.00  5724.40    -0.36     1.39
  24  5760.00  5724.40     0.52     0.90
  25  5760.00  5724.40     0.12     1.56
  26  5760.00  5724.40     1.05     0.87
  27  5760.00  5724.40    -1.04     2.00
  28  5760.00  5724.40    -0.79     0.89
  29  5760.00  5724.40    -0.85     0.46
  30  5760.00  5724.40    -0.73     0.55
  31  5760.00  5724.40    -1.52     1.21
  32  5760.00  5724.40    -1.01     1.85
  33  5760.00  5724.40    -0.21     0.42
  34  5760.00  5724.40    -1.75     0.72
  35  5760.00  5724.40    -0.30     0.42
  36  5760.00  5724.40    -1.23    -0.25
  37  5760.00  5724.40    -0.00     0.40
  38  5760.00  5724.40    -1.84     0.87
  39  5760.00  5724.40    -0.28    -1.62
  40  5760.00  5724.40    -3.10    -1.70

#Patch 019 raw and fit shifts
   1  8062.40  5724.40     1.58    -0.55
   2  8062.40  5724.40     1.56     0.35
   3  8062.40  5724.40     2.28     0.04
   4  8062.40  5724.40     1.59    -0.47
   5  8062.40  5724.40     0.12     0.21
   6  8062.40  5724.40     0.54     0.26
   7  8062.40  5724.40     0.41    -0.78
   8  8062.40  5724.40    -0.38    -0.44
   9  8062.40  5724.40    -0.21    -0.76
  10  8062.40  5724.40     0.47     0.26
  11  8062.40  5724.40    -1.53    -1.83
  12  8062.40  5724.40    -1.30    -0.11
  13  8062.40  5724.40     0.00     0.00
  14  8062.40  5724.40    -0.56     0.01
  15  8062.40  5724.40    -0.50    -1.32
  16  8062.40  5724.40    -1.09    -1.10
  17  8062.40  5724.40    -1.32    -0.49
  18  8062.40  5724.40    -1.31    -1.36
  19  8062.40  5724.40    -1.17     0.02
  20  8062.40  5724.40    -1.34    -1.25
  21  8062.40  5724.40    -2.41    -1.84
  22  8062.40  5724.40    -0.47    -2.22
  23  8062.40  5724.40    -1.65    -0.66
  24  8062.40  5724.40    -1.27    -2.37
  25  8062.40  5724.40    -2.21     0.17
  26  8062.40  5724.40    -2.18    -0.25
  27  8062.40  5724.40    -2.51    -1.31
  28  8062.40  5724.40    -1.34    -1.05
  29  8062.40  5724.40    -2.08    -1.72
  30  8062.40  5724.40    -2.02    -2.01
  31  8062.40  5724.40    -2.63    -1.05
  32  8062.40  5724.40    -2.45    -1.08
  33  8062.40  5724.40    -1.40    -1.87
  34  8062.40  5724.40    -1.73    -1.64
  35  8062.40  5724.40    -2.93    -1.26
  36  8062.40  5724.40    -3.03    -1.19
  37  8062.40  5724.40    -2.23    -1.40
  38  8062.40  5724.40    -2.63    -1.77
  39  8062.40  5724.40    -3.63    -1.06
  40  8062.40  5724.40    -2.26    -1.81

#Patch 020 raw and fit shifts
   1 10364.80  5724.40     2.35     3.05
   2 10364.80  5724.40     3.11    -0.36
   3 10364.80  5724.40     3.46     1.18
   4 10364.80  5724.40     1.84     2.62
   5 10364.80  5724.40     1.14     0.54
   6 10364.80  5724.40     0.99     0.24
   7 10364.80  5724.40     0.75     2.18
   8 10364.80  5724.40     0.27     1.24
   9 10364.80  5724.40     0.40     0.05
  10 10364.80  5724.40     0.93     0.58
  11 10364.80  5724.40     0.18    -1.20
  12 10364.80  5724.40     0.47    -0.27
  13 10364.80  5724.40     0.00     0.00
  14 10364.80  5724.40    -1.10     0.40
  15 10364.80  5724.40    -0.67     0.16
  16 10364.80  5724.40    -1.40     1.65
  17 10364.80  5724.40    -1.17    -0.32
  18 10364.80  5724.40     0.16     0.10
  19 10364.80  5724.40    -0.81    -0.61
  20 10364.80  5724.40    -1.45    -0.08
  21 10364.80  5724.40    -1.16    -0.53
  22 10364.80  5724.40    -1.70    -1.27
  23 10364.80  5724.40    -1.40    -1.37
  24 10364.80  5724.40    -1.18     0.24
  25 10364.80  5724.40    -1.41    -0.42
  26 10364.80  5724.40    -0.53     0.49
  27 10364.80  5724.40     0.14     0.69
  28 10364.80  5724.40    -0.49     0.28
  29 10364.80  5724.40    -1.01    -0.04
  30 10364.80  5724.40    -1.79    -0.61
  31 10364.80  5724.40    -1.06     0.29
  32 10364.80  5724.40    -2.74    -0.17
  33 10364.80  5724.40    -0.13     0.43
  34 10364.80  5724.40    -1.27    -0.62
  35 10364.80  5724.40    -0.69     0.83
  36 10364.80  5724.40     0.23     0.67
  37 10364.80  5724.40    -2.45     0.17
  38 10364.80  5724.40    -0.24    -0.03
  39 10364.80  5724.40    -1.89     0.57
  40 10364.80  5724.40    -0.39     1.24

#Patch 021 raw and fit shifts
   1  1155.20  7358.81    -3.03    -2.79
   2  1155.20  7358.81    -4.84    -1.42
   3  1155.20  7358.81    -2.59    -0.74
   4  1155.20  7358.81    -2.79    -2.13
   5  1155.20  7358.81    -1.78    -0.58
   6  1155.20  7358.81    -1.04    -1.07
   7  1155.20  7358.81    -0.66    -0.30
   8  1155.20  7358.81    -0.15    -0.37
   9  1155.20  7358.81    -0.50    -0.57
  10  1155.20  7358.81    -0.39    -1.07
  11  1155.20  7358.81    -0.62    -0.47
  12  1155.20  7358.81     0.47    -0.25
  13  1155.20  7358.81     0.00     0.00
  14  1155.20  7358.81     0.61    -0.28
  15  1155.20  7358.81    -0.64    -0.17
  16  1155.20  7358.81     0.17    -0.10
  17  1155.20  7358.81     1.00    -1.35
  18  1155.20  7358.81    -0.64    -1.77
  19  1155.20  7358.81     1.18    -0.63
  20  1155.20  7358.81     1.78    -0.92
  21  1155.20  7358.81     1.89    -0.84
  22  1155.20  7358.81     2.63    -0.73
  23  1155.20  7358.81     1.58    -0.97
  24  1155.20  7358.81     2.54     1.29
  25  1155.20  7358.81     2.27    -0.20
  26  1155.20  7358.81     4.20    -0.57
  27  1155.20  7358.81     2.46    -0.57
  28  1155.20  7358.81     2.09     0.61
  29  1155.20  7358.81     1.86    -0.19
  30  1155.20  7358.81     3.36    -0.23
  31  1155.20  7358.81     2.39     0.02
  32  1155.20  7358.81     0.47    -0.41
  33  1155.20  7358.81     2.19    -0.60
  34  1155.20  7358.81     5.33    -0.43
  35  1155.20  7358.81     1.83     1.35
  36  1155.20  7358.81     2.85     0.45
  37  1155.20  7358.81     3.51    -0.29
  38  1155.20  7358.81     2.63    -0.61
  39  1155.20  7358.81     2.77    -0.10
  40  1155.20  7358.81     2.32     0.25

#Patch 022 raw and fit shifts
   1  3457.60  7358.81     1.41     0.85
   2  3457.60  7358.81     0.45     1.01
   3  3457.60  7358.81    -1.03     2.35
   4  3457.60  7358.81     0.03     1.54
   5  3457.60  7358.81    -0.07     0.58
   6  3457.60  7358.81     0.07     0.16
   7  3457.60  7358.81     1.24     1.33
   8  3457.60  7358.81    -0.47     0.19
   9  3457.60  7358.81     0.03     0.28
  10  3457.60  7358.81    -0.05     0.03
  11  3457.60  7358.81    -0.11     0.78
  12  3457.60  7358.81    -0.51     0.18
  13  3457.60  7358.81     0.00     0.00
  14  3457.60  7358.81    -1.17    -0.14
  15  3457.60  7358.81     0.56     0.98
  16  3457.60  7358.81    -1.41     1.29
  17  3457.60  7358.81     1.38     0.07
  18  3457.60  7358.81     0.03     0.19
  19  3457.60  7358.81     0.12    -0.40
  20  3457.60  7358.81     0.10     1.09
  21  3457.60  7358.81     0.00    -0.36
  22  3457.60  7358.81    -0.51    -0.81
  23  3457.60  7358.81     0.53    -1.05
  24  3457.60  7358.81     1.05     0.78
  25  3457.60  7358.81    -0.65    -0.96
  26  3457.60  7358.81     0.46    -0.58
  27  3457.60  7358.81    -0.04     0.27
  28  3457.60  7358.81    -0.03     0.16
  29  3457.60  7358.81     1.20     0.04
  30  3457.60  7358.81    -0.01    -0.98
  31  3457.60  7358.81     0.72     0.34
  32  3457.60  7358.81    -0.62     0.81
  33  3457.60  7358.81     0.30     0.29
  34  3457.60  7358.81    -1.29    -0.90
  35  3457.60  7358.81     0.18    -1.03
  36  3457.60  7358.81     0.68    -0.73
  37  3457.60  7358.81    -0.43    -0.27
  38  3457.60  7358.81     0.62    -0.88
  39  3457.60  7358.81    -0.62    -1.42
  40  3457.60  7358.81    -0.29    -0.84

#Patch 023 raw and fit shifts
   1  5760.00  7358.81     1.74     2.10
   2  5760.00  7358.81     2.46     1.46
   3  5760.00  7358.81     0.72     1.77
   4  5760.00  7358.81     2.25     1.58
   5  5760.00  7358.81     0.94     1.84
   6  5760.00  7358.81    -0.24     0.38
   7  5760.00  7358.81     0.45     0.15
   8  5760.00  7358.81    -0.38     0.47
   9  5760.00  7358.81     0.52     0.10
  10  5760.00  7358.81     0.37     0.58
  11  5760.00  7358.81    -0.30     0.04
  12  5760.00  7358.81     0.15     0.17
  13  5760.00  7358.81     0.00     0.00
  14  5760.00  7358.81    -0.22    -0.42
  15  5760.00  7358.81    -0.35     0.68
  16  5760.00  7358.81     0.83    -0.09
  17  5760.00  7358.81     0.96     0.65
  18  5760.00  7358.81    -0.59    -0.38
  19  5760.00  7358.81     0.59     0.46
  20  5760.00  7358.81    -0.04     0.01
  21  5760.00  7358.81     1.80     0.22
  22  5760.00  7358.81    -0.31     0.36
  23  5760.00  7358.81    -2.02     0.81
  24  5760.00  7358.81     0.30     0.37
  25  5760.00  7358.81     0.92    -1.23
  26  5760.00  7358.81     0.01     0.09
  27  5760.00  7358.81     1.18     0.87
  28  5760.00  7358.81     0.79     1.08
  29  5760.00  7358.81     0.48     0.75
  30  5760.00  7358.81     0.20     0.89
  31  5760.00  7358.81    -0.62     0.46
  32  5760.00  7358.81    -1.18     0.59
  33  5760.00  7358.81    -1.32     0.73
  34  5760.00  7358.81    -0.09    -1.41
  35  5760.00  7358.81    -0.14    -0.36
  36  5760.00  7358.81    -1.57    -0.23
  37  5760.00  7358.81     0.18    -0.88
  38  5760.00  7358.81    -0.58    -0.41
  39  5760.00  7358.81    -1.75     0.21
  40  5760.00  7358.81    -1.48    -0.05

#Patch 024 raw and fit shifts
   1  8062.40  7358.81     2.92     1.55
   2  8062.40  7358.81     3.37     2.18
   3  8062.40  7358.81     2.42     1.58
   4  8062.40  7358.81     2.43     1.53
   5  8062.40  7358.81     2.48     0.52
   6  8062.40  7358.81     2.27    -0.08
   7  8062.40  7358.81     1.51     0.78
   8  8062.40  7358.81     1.35    -0.31
   9  8062.40  7358.81     1.50     0.39
  10  8062.40  7358.81     0.39     0.71
  11  8062.40  7358.81    -0.23     0.32
  12  8062.40  7358.81     0.41     0.97
  13  8062.40  7358.81     0.00     0.00
  14  8062.40  7358.81    -0.20     0.75
  15  8062.40  7358.81    -0.61     0.33
  16  8062.40  7358.81    -0.81    -0.25
  17  8062.40  7358.81    -1.16     0.21
  18  8062.40  7358.81    -0.71     0.46
  19  8062.40  7358.81    -1.30     0.97
  20  8062.40  7358.81    -0.46     1.41
  21  8062.40  7358.81     0.70     0.09
  22  8062.40  7358.81    -1.38    -0.12
  23  8062.40  7358.81    -0.81     0.31
  24  8062.40  7358.81    -0.53    -0.03
  25  8062.40  7358.81    -0.34    -0.90
  26  8062.40  7358.81    -0.71     0.24
  27  8062.40  7358.81    -0.89    -0.12
  28  8062.40  7358.81    -1.54     0.72
  29  8062.40  7358.81    -1.50     0.15
  30  8062.40  7358.81    -1.81     0.05
  31  8062.40  7358.81    -2.57    -0.06
  32  8062.40  7358.81    -1.76     0.82
  33  8062.40  7358.81    -1.88     1.84
  34  8062.40  7358.81    -1.43     0.52
  35  8062.40  7358.81    -1.84     1.12
  36  8062.40  7358.81    -1.50     0.95
  37  8062.40  7358.81    -2.22     2.24
  38  8062.40  7358.81    -2.81     1.42
  39  8062.40  7358.81    -2.53     1.17
  40  8062.40  7358.81    -1.61     2.61

#Patch 025 raw and fit shifts
   1 10364.80  7358.81     1.46     2.10
   2 10364.80  7358.81     2.75     2.56
   3 10364.80  7358.81     3.05     3.20
   4 10364.80  7358.81     2.30     2.43
   5 10364.80  7358.81     1.29     2.08
   6 10364.80  7358.81     1.55     2.18
   7 10364.80  7358.81     0.27     2.58
   8 10364.80  7358.81     1.20     1.50
   9 10364.80  7358.81     0.74     1.34
  10 10364.80  7358.81     1.32    -0.10
  11 10364.80  7358.81    -0.74     0.92
  12 10364.80  7358.81    -0.14     1.31
  13 10364.80  7358.81     0.00     0.00
  14 10364.80  7358.81    -0.11    -0.10
  15 10364.80  7358.81     0.36    -0.34
  16 10364.80  7358.81    -1.18     0.93
  17 10364.80  7358.81    -2.23     0.46
  18 10364.80  7358.81    -0.73    -0.11
  19 10364.80  7358.81    -0.24    -0.07
  20 10364.80  7358.81    -0.58     0.09
  21 10364.80  7358.81     0.61     1.11
  22 10364.80  7358.81    -0.33    -0.36
  23 10364.80  7358.81    -1.63    -0.38
  24 10364.80  7358.81    -0.98     0.33
  25 10364.80  7358.81    -0.35     0.69
  26 10364.80  7358.81    -1.09    -0.13
  27 10364.80  7358.81    -1.74    -0.31
  28 10364.80  7358.81    -1.26     1.06
  29 10364.80  7358.81    -0.40     0.11
  30 10364.80  7358.81    -2.00    -0.52
  31 10364.80  7358.81    -1.70    -0.25
  32 10364.80  7358.81    -1.93    -0.56
  33 10364.80  7358.81    -2.12    -0.43
  34 10364.80  7358.81    -1.28    -0.45
  35 10364.80  7358.81    -2.29    -0.20
  36 10364.80  7358.81    -2.33     0.86
  37 10364.80  7358.81    -2.27    -0.84
  38 10364.80  7358.81    -2.82     0.61
  39 10364.80  7358.81    -2.30     0.32
  40 10364.80  7358.81    -2.72    -0.24

